<?xml version="1.0" encoding="utf-8"?><testsuites name="pytest tests"><testsuite name="pytest" errors="0" failures="0" skipped="0" tests="14" time="3.585" timestamp="2026-07-02T16:31:51.123039+00:00" hostname="agent-env-868c7f53-76c4-44be-b69e-fb5f93f71dea"><testcase classname="tests.test_cleandrive_iter2.TestAuthLogin" name="test_login_success" time="0.547" /><testcase classname="tests.test_cleandrive_iter2.TestAuthLogin" name="test_login_wrong_password" time="0.460" /><testcase classname="tests.test_cleandrive_iter2.TestAuthMe" name="test_me_with_token" time="1.009" /><testcase classname="tests.test_cleandrive_iter2.TestAuthLogin" name="test_login_unknown_user" time="0.087" /><testcase classname="tests.test_cleandrive_iter2.TestAuthMe" name="test_me_without_token" time="0.167" /><testcase classname="tests.test_cleandrive_iter2.TestAuthLogin" name="test_login_case_insensitive_email" time="0.348" /><testcase classname="tests.test_cleandrive_iter2.TestAuthMe" name="test_me_invalid_token" time="0.269" /><testcase classname="tests.test_cleandrive_iter2.TestEnquiriesProtected" name="test_list_without_token" time="0.245" /><testcase classname="tests.test_cleandrive_iter2.TestEnquiryCreate" name="test_create_public_no_auth" time="0.701" /><testcase classname="tests.test_cleandrive_iter2.TestEnquiriesProtected" name="test_list_with_invalid_token" time="0.127" /><testcase classname="tests.test_cleandrive_iter2.TestEnquiriesProtected" name="test_list_with_token" time="0.555" /><testcase classname="tests.test_cleandrive_iter2.TestEnquiryCreate" name="test_create_invalid_car_type" time="0.151" /><testcase classname="tests.test_cleandrive_iter2.TestEnquiryCreate" name="test_create_persisted_and_visible_to_admin" time="0.483" /><testcase classname="tests.test_cleandrive_iter2.TestHealth" name="test_root" time="0.128" /></testsuite></testsuites>